<?xml version="1.0" encoding="UTF-8"?>
<testng-results ignored="0" total="1" passed="1" failed="0" skipped="0">
  <reporter-output>
  </reporter-output>
  <suite started-at="2022-07-29T18:37:10 IST" name="Suite" finished-at="2022-07-29T18:37:25 IST" duration-ms="15257">
    <groups>
    </groups>
    <test started-at="2022-07-29T18:37:10 IST" name="Test" finished-at="2022-07-29T18:37:25 IST" duration-ms="15257">
      <class name="Test_Cases.Login">
        <test-method signature="Login_New()[pri:0, instance:Test_Cases.Login@4b14c583]" started-at="2022-07-29T18:37:10 IST" name="Login_New" finished-at="2022-07-29T18:37:25 IST" duration-ms="15175" status="PASS">
          <reporter-output>
          </reporter-output>
        </test-method> <!-- Login_New -->
      </class> <!-- Test_Cases.Login -->
    </test> <!-- Test -->
  </suite> <!-- Suite -->
</testng-results>
